---------------------------------------------------------------
[ 2021-04-15T14:10:06+08:00 ] 127.0.0.1 GET tp.com/index/index/test/get/%E5%93%88%E5%93%88
[运行时间：0.015957s] [吞吐率：62.67req/s] [内存消耗：809.9921875Kb] [文件加载：41]
[ info ] [ ROUTE ] Array
(
    [0] => index
    [1] => Index
    [2] => test
)

[ info ] [ HEADER ] Array
(
    [Accept-Language] => zh-CN,zh;q=0.9
    [Accept-Encoding] => gzip, deflate
    [Accept] => text/html,application/xhtml+xml,application/xml;q=0.9,image/avif,image/webp,image/apng,*/*;q=0.8,application/signed-exchange;v=b3;q=0.9
    [User-Agent] => Mozilla/5.0 (Windows NT 10.0; Win64; x64) AppleWebKit/537.36 (KHTML, like Gecko) Chrome/87.0.4280.66 Safari/537.36
    [Upgrade-Insecure-Requests] => 1
    [Cache-Control] => max-age=0
    [Connection] => keep-alive
    [Host] => tp.com
    [Content-Length] => 
    [Content-Type] => 
)

[ info ] [ PARAM ] Array
(
)

---------------------------------------------------------------
[ 2021-04-15T14:13:50+08:00 ] 127.0.0.1 GET tp.com/index/index/test_db
[运行时间：0.209840s] [吞吐率：4.77req/s] [内存消耗：385.328125Kb] [文件加载：34]
[ info ] [ ROUTE ] Array
(
    [0] => index
    [1] => Index
    [2] => test_db
)

[ info ] [ HEADER ] Array
(
    [Accept-Language] => zh-CN,zh;q=0.9
    [Accept-Encoding] => gzip, deflate
    [Accept] => text/html,application/xhtml+xml,application/xml;q=0.9,image/avif,image/webp,image/apng,*/*;q=0.8,application/signed-exchange;v=b3;q=0.9
    [User-Agent] => Mozilla/5.0 (Windows NT 10.0; Win64; x64) AppleWebKit/537.36 (KHTML, like Gecko) Chrome/87.0.4280.66 Safari/537.36
    [Upgrade-Insecure-Requests] => 1
    [Cache-Control] => max-age=0
    [Connection] => keep-alive
    [Host] => tp.com
    [Content-Length] => 
    [Content-Type] => 
)

[ info ] [ PARAM ] Array
(
)

[ info ] [ sql ] DESC `pre_role_planet` [RunTime:0.03978s]
[ info ] [ sql ] SELECT * FROM `pre_role_planet` as role_planet WHERE `WorldID` = '24' [RunTime:0.04016s]
