---------------------------------------------------------------
[ 2021-04-15T13:47:15+08:00 ] 127.0.0.1 GET tp.com/index/index/test/get/%E5%93%88%E5%93%88
[运行时间：0.015211s] [吞吐率：65.74req/s] [内存消耗：810.1015625Kb] [文件加载：41]
[ info ] [ ROUTE ] Array
(
    [0] => index
    [1] => Index
    [2] => test
)

[ info ] [ HEADER ] Array
(
    [Accept-Language] => zh-CN,zh;q=0.9
    [Accept-Encoding] => gzip, deflate
    [Accept] => text/html,application/xhtml+xml,application/xml;q=0.9,image/avif,image/webp,image/apng,*/*;q=0.8,application/signed-exchange;v=b3;q=0.9
    [User-Agent] => Mozilla/5.0 (Windows NT 10.0; Win64; x64) AppleWebKit/537.36 (KHTML, like Gecko) Chrome/87.0.4280.66 Safari/537.36
    [Upgrade-Insecure-Requests] => 1
    [Cache-Control] => max-age=0
    [Connection] => keep-alive
    [Host] => tp.com
    [Content-Length] => 
    [Content-Type] => 
)

[ info ] [ PARAM ] Array
(
)

---------------------------------------------------------------
[ 2021-04-15T13:47:26+08:00 ] 127.0.0.1 GET tp.com/index/index/test/get/%E5%93%88%E5%93%88
[运行时间：0.013408s] [吞吐率：74.58req/s] [内存消耗：810.4296875Kb] [文件加载：41]
[ info ] [ ROUTE ] Array
(
    [0] => index
    [1] => Index
    [2] => test
)

[ info ] [ HEADER ] Array
(
    [Accept-Language] => zh-CN,zh;q=0.9
    [Accept-Encoding] => gzip, deflate
    [Accept] => text/html,application/xhtml+xml,application/xml;q=0.9,image/avif,image/webp,image/apng,*/*;q=0.8,application/signed-exchange;v=b3;q=0.9
    [User-Agent] => Mozilla/5.0 (Windows NT 10.0; Win64; x64) AppleWebKit/537.36 (KHTML, like Gecko) Chrome/87.0.4280.66 Safari/537.36
    [Upgrade-Insecure-Requests] => 1
    [Cache-Control] => max-age=0
    [Connection] => keep-alive
    [Host] => tp.com
    [Content-Length] => 
    [Content-Type] => 
)

[ info ] [ PARAM ] Array
(
)

---------------------------------------------------------------
[ 2021-04-15T13:48:10+08:00 ] 127.0.0.1 GET tp.com/index/index/test/get/%E5%93%88%E5%93%88
[运行时间：0.010790s] [吞吐率：92.68req/s] [内存消耗：810.1015625Kb] [文件加载：41]
[ info ] [ ROUTE ] Array
(
    [0] => index
    [1] => Index
    [2] => test
)

[ info ] [ HEADER ] Array
(
    [Accept-Language] => zh-CN,zh;q=0.9
    [Accept-Encoding] => gzip, deflate
    [Accept] => text/html,application/xhtml+xml,application/xml;q=0.9,image/avif,image/webp,image/apng,*/*;q=0.8,application/signed-exchange;v=b3;q=0.9
    [User-Agent] => Mozilla/5.0 (Windows NT 10.0; Win64; x64) AppleWebKit/537.36 (KHTML, like Gecko) Chrome/87.0.4280.66 Safari/537.36
    [Upgrade-Insecure-Requests] => 1
    [Cache-Control] => max-age=0
    [Connection] => keep-alive
    [Host] => tp.com
    [Content-Length] => 
    [Content-Type] => 
)

[ info ] [ PARAM ] Array
(
)

---------------------------------------------------------------
[ 2021-04-15T13:48:12+08:00 ] 127.0.0.1 GET tp.com/index/index/test/get/%E5%93%88%E5%93%88
[运行时间：0.008925s] [吞吐率：112.04req/s] [内存消耗：810.1015625Kb] [文件加载：41]
[ info ] [ ROUTE ] Array
(
    [0] => index
    [1] => Index
    [2] => test
)

[ info ] [ HEADER ] Array
(
    [Accept-Language] => zh-CN,zh;q=0.9
    [Accept-Encoding] => gzip, deflate
    [Accept] => text/html,application/xhtml+xml,application/xml;q=0.9,image/avif,image/webp,image/apng,*/*;q=0.8,application/signed-exchange;v=b3;q=0.9
    [User-Agent] => Mozilla/5.0 (Windows NT 10.0; Win64; x64) AppleWebKit/537.36 (KHTML, like Gecko) Chrome/87.0.4280.66 Safari/537.36
    [Upgrade-Insecure-Requests] => 1
    [Cache-Control] => max-age=0
    [Connection] => keep-alive
    [Host] => tp.com
    [Content-Length] => 
    [Content-Type] => 
)

[ info ] [ PARAM ] Array
(
)

