---------------------------------------------------------------
[ 2021-04-15T11:25:09+08:00 ] 127.0.0.1 GET tp.com/index/index/test_db
[运行时间：2.065462s] [吞吐率：0.48req/s] [内存消耗：971.9453125Kb] [文件加载：50]
[ info ] [ ROUTE ] Array
(
    [0] => index
    [1] => Index
    [2] => test_db
)

[ info ] [ HEADER ] Array
(
    [Accept-Language] => zh-CN,zh;q=0.9
    [Accept-Encoding] => gzip, deflate
    [Accept] => text/html,application/xhtml+xml,application/xml;q=0.9,image/avif,image/webp,image/apng,*/*;q=0.8,application/signed-exchange;v=b3;q=0.9
    [User-Agent] => Mozilla/5.0 (Windows NT 10.0; Win64; x64) AppleWebKit/537.36 (KHTML, like Gecko) Chrome/87.0.4280.66 Safari/537.36
    [Upgrade-Insecure-Requests] => 1
    [Cache-Control] => max-age=0
    [Connection] => keep-alive
    [Host] => tp.com
    [Content-Length] => 
    [Content-Type] => 
)

[ info ] [ PARAM ] Array
(
)

[ error ] Array
(
    [file] => D:\phpstudy_pro\WWW\chenbingji\reporter\reporter\lib\db\Connect.php
    [line] => 31
    [message] => SQLSTATE[HY000] [1045] Access denied for user 'reporter'@'localhost' (using password: NO)
)
---------------------------------------------------------------
[ 2021-04-15T11:25:47+08:00 ] 127.0.0.1 GET tp.com/index/index/test_db
[运行时间：0.138042s] [吞吐率：7.24req/s] [内存消耗：972.4765625Kb] [文件加载：50]
[ info ] [ ROUTE ] Array
(
    [0] => index
    [1] => Index
    [2] => test_db
)

[ info ] [ HEADER ] Array
(
    [Accept-Language] => zh-CN,zh;q=0.9
    [Accept-Encoding] => gzip, deflate
    [Accept] => text/html,application/xhtml+xml,application/xml;q=0.9,image/avif,image/webp,image/apng,*/*;q=0.8,application/signed-exchange;v=b3;q=0.9
    [User-Agent] => Mozilla/5.0 (Windows NT 10.0; Win64; x64) AppleWebKit/537.36 (KHTML, like Gecko) Chrome/87.0.4280.66 Safari/537.36
    [Upgrade-Insecure-Requests] => 1
    [Cache-Control] => max-age=0
    [Connection] => keep-alive
    [Host] => tp.com
    [Content-Length] => 
    [Content-Type] => 
)

[ info ] [ PARAM ] Array
(
)

[ error ] Array
(
    [file] => D:\phpstudy_pro\WWW\chenbingji\reporter\reporter\lib\db\Connect.php
    [line] => 31
    [message] => SQLSTATE[HY000] [1049] Unknown database '39.97.92.31'
)
---------------------------------------------------------------
[ 2021-04-15T11:25:57+08:00 ] 127.0.0.1 GET tp.com/index/index/test_db
[运行时间：0.144656s] [吞吐率：6.91req/s] [内存消耗：1090.015625Kb] [文件加载：54]
[ info ] [ ROUTE ] Array
(
    [0] => index
    [1] => Index
    [2] => test_db
)

[ info ] [ HEADER ] Array
(
    [Accept-Language] => zh-CN,zh;q=0.9
    [Accept-Encoding] => gzip, deflate
    [Accept] => text/html,application/xhtml+xml,application/xml;q=0.9,image/avif,image/webp,image/apng,*/*;q=0.8,application/signed-exchange;v=b3;q=0.9
    [User-Agent] => Mozilla/5.0 (Windows NT 10.0; Win64; x64) AppleWebKit/537.36 (KHTML, like Gecko) Chrome/87.0.4280.66 Safari/537.36
    [Upgrade-Insecure-Requests] => 1
    [Cache-Control] => max-age=0
    [Connection] => keep-alive
    [Host] => tp.com
    [Content-Length] => 
    [Content-Type] => 
)

[ info ] [ PARAM ] Array
(
)

[ error ] Array
(
    [file] => D:\phpstudy_pro\WWW\chenbingji\reporter\reporter\lib\db\DataStructure.php
    [line] => 20
    [message] => Class 'reporter\lib\Cache' not found
)
---------------------------------------------------------------
[ 2021-04-15T11:26:23+08:00 ] 127.0.0.1 GET tp.com/index/index/test_db
[运行时间：0.142754s] [吞吐率：7.01req/s] [内存消耗：1100.734375Kb] [文件加载：55]
[ info ] [ ROUTE ] Array
(
    [0] => index
    [1] => Index
    [2] => test_db
)

[ info ] [ HEADER ] Array
(
    [Accept-Language] => zh-CN,zh;q=0.9
    [Accept-Encoding] => gzip, deflate
    [Accept] => text/html,application/xhtml+xml,application/xml;q=0.9,image/avif,image/webp,image/apng,*/*;q=0.8,application/signed-exchange;v=b3;q=0.9
    [User-Agent] => Mozilla/5.0 (Windows NT 10.0; Win64; x64) AppleWebKit/537.36 (KHTML, like Gecko) Chrome/87.0.4280.66 Safari/537.36
    [Upgrade-Insecure-Requests] => 1
    [Cache-Control] => max-age=0
    [Connection] => keep-alive
    [Host] => tp.com
    [Content-Length] => 
    [Content-Type] => 
)

[ info ] [ PARAM ] Array
(
)

[ error ] Array
(
    [file] => D:\phpstudy_pro\WWW\chenbingji\reporter\reporter\lib\Cache.php
    [line] => 34
    [message] => Class '\Cache\Driver\File' not found
)
---------------------------------------------------------------
[ 2021-04-15T11:26:53+08:00 ] 127.0.0.1 GET tp.com/index/index/test_db
[运行时间：0.143752s] [吞吐率：6.96req/s] [内存消耗：1100.7734375Kb] [文件加载：55]
[ info ] [ ROUTE ] Array
(
    [0] => index
    [1] => Index
    [2] => test_db
)

[ info ] [ HEADER ] Array
(
    [Accept-Language] => zh-CN,zh;q=0.9
    [Accept-Encoding] => gzip, deflate
    [Accept] => text/html,application/xhtml+xml,application/xml;q=0.9,image/avif,image/webp,image/apng,*/*;q=0.8,application/signed-exchange;v=b3;q=0.9
    [User-Agent] => Mozilla/5.0 (Windows NT 10.0; Win64; x64) AppleWebKit/537.36 (KHTML, like Gecko) Chrome/87.0.4280.66 Safari/537.36
    [Upgrade-Insecure-Requests] => 1
    [Cache-Control] => max-age=0
    [Connection] => keep-alive
    [Host] => tp.com
    [Content-Length] => 
    [Content-Type] => 
)

[ info ] [ PARAM ] Array
(
)

[ error ] Array
(
    [file] => D:\phpstudy_pro\WWW\chenbingji\reporter\reporter\lib\Cache.php
    [line] => 34
    [message] => Class '\reporter\lib\cache\driver\File' not found
)
---------------------------------------------------------------
[ 2021-04-15T11:27:01+08:00 ] 127.0.0.1 GET tp.com/index/index/test_db
[运行时间：0.225898s] [吞吐率：4.43req/s] [内存消耗：377.7578125Kb] [文件加载：33]
[ info ] [ ROUTE ] Array
(
    [0] => index
    [1] => Index
    [2] => test_db
)

[ info ] [ HEADER ] Array
(
    [Accept-Language] => zh-CN,zh;q=0.9
    [Accept-Encoding] => gzip, deflate
    [Accept] => text/html,application/xhtml+xml,application/xml;q=0.9,image/avif,image/webp,image/apng,*/*;q=0.8,application/signed-exchange;v=b3;q=0.9
    [User-Agent] => Mozilla/5.0 (Windows NT 10.0; Win64; x64) AppleWebKit/537.36 (KHTML, like Gecko) Chrome/87.0.4280.66 Safari/537.36
    [Upgrade-Insecure-Requests] => 1
    [Cache-Control] => max-age=0
    [Connection] => keep-alive
    [Host] => tp.com
    [Content-Length] => 
    [Content-Type] => 
)

[ info ] [ PARAM ] Array
(
)

[ info ] [ sql ] DESC `pre_role_planet` [RunTime:0.04206s]
[ info ] [ sql ] SELECT * FROM `pre_role_planet` as role_planet WHERE `WorldID` = '24' [RunTime:0.04211s]
