---------------------------------------------------------------
[ 2021-04-15T16:28:36+08:00 ] 127.0.0.1 POST tp.com/index/index/testuploadFile
[运行时间：0.010304s] [吞吐率：97.05req/s] [内存消耗：274.8671875Kb] [文件加载：26]
[ info ] [ ROUTE ] Array
(
    [0] => index
    [1] => Index
    [2] => testuploadFile
)

[ info ] [ HEADER ] Array
(
    [Accept-Language] => zh-CN,zh;q=0.9
    [Accept-Encoding] => gzip, deflate
    [Referer] => http://tp.com/index/index/testuploadFile
    [Accept] => text/html,application/xhtml+xml,application/xml;q=0.9,image/avif,image/webp,image/apng,*/*;q=0.8,application/signed-exchange;v=b3;q=0.9
    [Content-Type] => multipart/form-data; boundary=----WebKitFormBoundaryhGX3a7ubPANfPk4B
    [Origin] => http://tp.com
    [User-Agent] => Mozilla/5.0 (Windows NT 10.0; Win64; x64) AppleWebKit/537.36 (KHTML, like Gecko) Chrome/87.0.4280.66 Safari/537.36
    [Upgrade-Insecure-Requests] => 1
    [Cache-Control] => max-age=0
    [Content-Length] => 2147
    [Connection] => keep-alive
    [Host] => tp.com
)

[ info ] [ PARAM ] Array
(
)

---------------------------------------------------------------
[ 2021-04-15T16:29:47+08:00 ] 127.0.0.1 POST tp.com/index/index/testuploadFile
[运行时间：0.005109s] [吞吐率：195.73req/s] [内存消耗：274.7421875Kb] [文件加载：26]
[ info ] [ ROUTE ] Array
(
    [0] => index
    [1] => Index
    [2] => testuploadFile
)

[ info ] [ HEADER ] Array
(
    [Accept-Language] => zh-CN,zh;q=0.9
    [Accept-Encoding] => gzip, deflate
    [Referer] => http://tp.com/index/index/testuploadFile
    [Accept] => text/html,application/xhtml+xml,application/xml;q=0.9,image/avif,image/webp,image/apng,*/*;q=0.8,application/signed-exchange;v=b3;q=0.9
    [Content-Type] => multipart/form-data; boundary=----WebKitFormBoundaryhGX3a7ubPANfPk4B
    [Origin] => http://tp.com
    [User-Agent] => Mozilla/5.0 (Windows NT 10.0; Win64; x64) AppleWebKit/537.36 (KHTML, like Gecko) Chrome/87.0.4280.66 Safari/537.36
    [Upgrade-Insecure-Requests] => 1
    [Cache-Control] => max-age=0
    [Content-Length] => 2147
    [Connection] => keep-alive
    [Host] => tp.com
)

[ info ] [ PARAM ] Array
(
)

