---------------------------------------------------------------
[ 2021-04-15T11:30:59+08:00 ] 127.0.0.1 GET tp.com/index/index/test_db
[运行时间：0.153594s] [吞吐率：6.51req/s] [内存消耗：1107.2109375Kb] [文件加载：58]
[ info ] [ ROUTE ] Array
(
    [0] => index
    [1] => Index
    [2] => test_db
)

[ info ] [ HEADER ] Array
(
    [Accept-Language] => zh-CN,zh;q=0.9
    [Accept-Encoding] => gzip, deflate
    [Accept] => text/html,application/xhtml+xml,application/xml;q=0.9,image/avif,image/webp,image/apng,*/*;q=0.8,application/signed-exchange;v=b3;q=0.9
    [User-Agent] => Mozilla/5.0 (Windows NT 10.0; Win64; x64) AppleWebKit/537.36 (KHTML, like Gecko) Chrome/87.0.4280.66 Safari/537.36
    [Upgrade-Insecure-Requests] => 1
    [Cache-Control] => max-age=0
    [Connection] => keep-alive
    [Host] => tp.com
    [Content-Length] => 
    [Content-Type] => 
)

[ info ] [ PARAM ] Array
(
)

[ error ] Array
(
    [code] => 600
    [file] => D:\phpstudy_pro\WWW\chenbingji\reporter\reporter\lib\db\Vaildate.php
    [line] => 166
    [message] => Worl2dID字段不存在
)
[ error ] Array
(
    [file] => D:\phpstudy_pro\WWW\chenbingji\reporter\reporter\lib\db\Vaildate.php
    [line] => 166
    [message] => 
)
---------------------------------------------------------------
[ 2021-04-15T11:31:59+08:00 ] 127.0.0.1 GET tp.com/index/index/test_db
[运行时间：0.147251s] [吞吐率：6.79req/s] [内存消耗：1109.5546875Kb] [文件加载：58]
[ info ] [ ROUTE ] Array
(
    [0] => index
    [1] => Index
    [2] => test_db
)

[ info ] [ HEADER ] Array
(
    [Accept-Language] => zh-CN,zh;q=0.9
    [Accept-Encoding] => gzip, deflate
    [Accept] => text/html,application/xhtml+xml,application/xml;q=0.9,image/avif,image/webp,image/apng,*/*;q=0.8,application/signed-exchange;v=b3;q=0.9
    [User-Agent] => Mozilla/5.0 (Windows NT 10.0; Win64; x64) AppleWebKit/537.36 (KHTML, like Gecko) Chrome/87.0.4280.66 Safari/537.36
    [Upgrade-Insecure-Requests] => 1
    [Cache-Control] => max-age=0
    [Connection] => keep-alive
    [Host] => tp.com
    [Content-Length] => 
    [Content-Type] => 
)

[ info ] [ PARAM ] Array
(
)

[ error ] Array
(
    [code] => 600
    [file] => D:\phpstudy_pro\WWW\chenbingji\reporter\reporter\lib\db\Vaildate.php
    [line] => 166
    [message] => Worl2dID字段不存在
)
[ error ] Array
(
    [file] => D:\phpstudy_pro\WWW\chenbingji\reporter\reporter\lib\db\DBException.php
    [line] => 13
    [message] => Worl2dID字段不存在
)
---------------------------------------------------------------
[ 2021-04-15T11:32:23+08:00 ] 127.0.0.1 GET tp.com/index/index/test_db
[运行时间：0.173860s] [吞吐率：5.75req/s] [内存消耗：378.03125Kb] [文件加载：33]
[ info ] [ ROUTE ] Array
(
    [0] => index
    [1] => Index
    [2] => test_db
)

[ info ] [ HEADER ] Array
(
    [Accept-Language] => zh-CN,zh;q=0.9
    [Accept-Encoding] => gzip, deflate
    [Accept] => text/html,application/xhtml+xml,application/xml;q=0.9,image/avif,image/webp,image/apng,*/*;q=0.8,application/signed-exchange;v=b3;q=0.9
    [User-Agent] => Mozilla/5.0 (Windows NT 10.0; Win64; x64) AppleWebKit/537.36 (KHTML, like Gecko) Chrome/87.0.4280.66 Safari/537.36
    [Upgrade-Insecure-Requests] => 1
    [Cache-Control] => max-age=0
    [Connection] => keep-alive
    [Host] => tp.com
    [Content-Length] => 
    [Content-Type] => 
)

[ info ] [ PARAM ] Array
(
)

[ info ] [ sql ] SELECT * FROM `pre_role_planet` as role_planet WHERE `WorldID` = '24' [RunTime:0.04107s]
