---------------------------------------------------------------
[ 2021-04-15T11:22:55+08:00 ] 127.0.0.1 GET tp.com/index/index/write
[运行时间：0.019155s] [吞吐率：52.21req/s] [内存消耗：864.359375Kb] [文件加载：45]
[ info ] [ ROUTE ] Array
(
    [0] => index
    [1] => Index
    [2] => write
)

[ info ] [ HEADER ] Array
(
    [Accept-Language] => zh-CN,zh;q=0.9
    [Accept-Encoding] => gzip, deflate
    [Accept] => text/html,application/xhtml+xml,application/xml;q=0.9,image/avif,image/webp,image/apng,*/*;q=0.8,application/signed-exchange;v=b3;q=0.9
    [User-Agent] => Mozilla/5.0 (Windows NT 10.0; Win64; x64) AppleWebKit/537.36 (KHTML, like Gecko) Chrome/87.0.4280.66 Safari/537.36
    [Upgrade-Insecure-Requests] => 1
    [Cache-Control] => max-age=0
    [Connection] => keep-alive
    [Host] => tp.com
    [Content-Length] => 
    [Content-Type] => 
)

[ info ] [ PARAM ] Array
(
)

[ info ] Array
(
    [0] => 测试写入日志1
)
[ info ] 测试写入日志2
[ info ] 测试写入日志3
[ info ] 测试写入日志4
[ error ] Array
(
    [file] => D:\phpstudy_pro\WWW\chenbingji\reporter\application\index\controller\Index.php
    [line] => 58
    [message] => ddd
)
---------------------------------------------------------------
[ 2021-04-15T11:22:58+08:00 ] 127.0.0.1 GET tp.com/index/index/test_db
[运行时间：2.087496s] [吞吐率：0.48req/s] [内存消耗：970.8359375Kb] [文件加载：50]
[ info ] [ ROUTE ] Array
(
    [0] => index
    [1] => Index
    [2] => test_db
)

[ info ] [ HEADER ] Array
(
    [Accept-Language] => zh-CN,zh;q=0.9
    [Accept-Encoding] => gzip, deflate
    [Accept] => text/html,application/xhtml+xml,application/xml;q=0.9,image/avif,image/webp,image/apng,*/*;q=0.8,application/signed-exchange;v=b3;q=0.9
    [User-Agent] => Mozilla/5.0 (Windows NT 10.0; Win64; x64) AppleWebKit/537.36 (KHTML, like Gecko) Chrome/87.0.4280.66 Safari/537.36
    [Upgrade-Insecure-Requests] => 1
    [Connection] => keep-alive
    [Host] => tp.com
    [Content-Length] => 
    [Content-Type] => 
)

[ info ] [ PARAM ] Array
(
)

[ error ] Array
(
    [file] => D:\phpstudy_pro\WWW\chenbingji\reporter\reporter\lib\db\Connect.php
    [line] => 31
    [message] => SQLSTATE[HY000] [1045] Access denied for user 'reporter'@'localhost' (using password: NO)
)
---------------------------------------------------------------
[ 2021-04-15T11:23:54+08:00 ] 127.0.0.1 GET tp.com/index/index/test_db
[运行时间：2.047091s] [吞吐率：0.49req/s] [内存消耗：971.0078125Kb] [文件加载：50]
[ info ] [ ROUTE ] Array
(
    [0] => index
    [1] => Index
    [2] => test_db
)

[ info ] [ HEADER ] Array
(
    [Accept-Language] => zh-CN,zh;q=0.9
    [Accept-Encoding] => gzip, deflate
    [Accept] => text/html,application/xhtml+xml,application/xml;q=0.9,image/avif,image/webp,image/apng,*/*;q=0.8,application/signed-exchange;v=b3;q=0.9
    [User-Agent] => Mozilla/5.0 (Windows NT 10.0; Win64; x64) AppleWebKit/537.36 (KHTML, like Gecko) Chrome/87.0.4280.66 Safari/537.36
    [Upgrade-Insecure-Requests] => 1
    [Cache-Control] => max-age=0
    [Connection] => keep-alive
    [Host] => tp.com
    [Content-Length] => 
    [Content-Type] => 
)

[ info ] [ PARAM ] Array
(
)

[ error ] Array
(
    [file] => D:\phpstudy_pro\WWW\chenbingji\reporter\reporter\lib\db\Connect.php
    [line] => 31
    [message] => SQLSTATE[HY000] [1045] Access denied for user 'reporter'@'localhost' (using password: NO)
)
---------------------------------------------------------------
[ 2021-04-15T11:24:07+08:00 ] 127.0.0.1 GET tp.com/index/index/test_db
[运行时间：2.054539s] [吞吐率：0.49req/s] [内存消耗：972.3203125Kb] [文件加载：50]
[ info ] [ ROUTE ] Array
(
    [0] => index
    [1] => Index
    [2] => test_db
)

[ info ] [ HEADER ] Array
(
    [Accept-Language] => zh-CN,zh;q=0.9
    [Accept-Encoding] => gzip, deflate
    [Accept] => text/html,application/xhtml+xml,application/xml;q=0.9,image/avif,image/webp,image/apng,*/*;q=0.8,application/signed-exchange;v=b3;q=0.9
    [User-Agent] => Mozilla/5.0 (Windows NT 10.0; Win64; x64) AppleWebKit/537.36 (KHTML, like Gecko) Chrome/87.0.4280.66 Safari/537.36
    [Upgrade-Insecure-Requests] => 1
    [Cache-Control] => max-age=0
    [Connection] => keep-alive
    [Host] => tp.com
    [Content-Length] => 
    [Content-Type] => 
)

[ info ] [ PARAM ] Array
(
)

[ error ] Array
(
    [file] => D:\phpstudy_pro\WWW\chenbingji\reporter\reporter\lib\db\Connect.php
    [line] => 31
    [message] => SQLSTATE[HY000] [1045] Access denied for user 'reporter'@'localhost' (using password: NO)
)
---------------------------------------------------------------
[ 2021-04-15T11:24:52+08:00 ] 127.0.0.1 GET tp.com/index/index/test_db
[运行时间：2.038634s] [吞吐率：0.49req/s] [内存消耗：971.9453125Kb] [文件加载：50]
[ info ] [ ROUTE ] Array
(
    [0] => index
    [1] => Index
    [2] => test_db
)

[ info ] [ HEADER ] Array
(
    [Accept-Language] => zh-CN,zh;q=0.9
    [Accept-Encoding] => gzip, deflate
    [Accept] => text/html,application/xhtml+xml,application/xml;q=0.9,image/avif,image/webp,image/apng,*/*;q=0.8,application/signed-exchange;v=b3;q=0.9
    [User-Agent] => Mozilla/5.0 (Windows NT 10.0; Win64; x64) AppleWebKit/537.36 (KHTML, like Gecko) Chrome/87.0.4280.66 Safari/537.36
    [Upgrade-Insecure-Requests] => 1
    [Cache-Control] => max-age=0
    [Connection] => keep-alive
    [Host] => tp.com
    [Content-Length] => 
    [Content-Type] => 
)

[ info ] [ PARAM ] Array
(
)

[ error ] Array
(
    [file] => D:\phpstudy_pro\WWW\chenbingji\reporter\reporter\lib\db\Connect.php
    [line] => 31
    [message] => SQLSTATE[HY000] [1045] Access denied for user 'reporter'@'localhost' (using password: NO)
)
