---------------------------------------------------------------
[ 2021-04-15T18:56:46+08:00 ] 127.0.0.1 POST tp.com/index/index/testuploadFile
[运行时间：0.018545s] [吞吐率：53.92req/s] [内存消耗：911.140625Kb] [文件加载：49]
[ info ] [ ROUTE ] Array
(
    [0] => index
    [1] => Index
    [2] => testuploadFile
)

[ info ] [ HEADER ] Array
(
    [Accept-Language] => zh-CN,zh;q=0.9
    [Accept-Encoding] => gzip, deflate
    [Referer] => http://tp.com/index/index/testuploadFile
    [Accept] => text/html,application/xhtml+xml,application/xml;q=0.9,image/avif,image/webp,image/apng,*/*;q=0.8,application/signed-exchange;v=b3;q=0.9
    [Content-Type] => multipart/form-data; boundary=----WebKitFormBoundarySs66UGB7qMz9XsYB
    [Origin] => http://tp.com
    [User-Agent] => Mozilla/5.0 (Windows NT 10.0; Win64; x64) AppleWebKit/537.36 (KHTML, like Gecko) Chrome/87.0.4280.66 Safari/537.36
    [Upgrade-Insecure-Requests] => 1
    [Cache-Control] => max-age=0
    [Content-Length] => 42923275
    [Connection] => keep-alive
    [Host] => tp.com
)

[ info ] [ PARAM ] Array
(
)

[ error ] Array
(
    [file] => D:\phpstudy_pro\WWW\chenbingji\reporter\reporter\lib\Container.php
    [line] => 25
    [message] => UploadFile服务不存在
)
---------------------------------------------------------------
[ 2021-04-15T18:59:58+08:00 ] 127.0.0.1 POST tp.com/index/index/testuploadFile
[运行时间：0.019447s] [吞吐率：51.42req/s] [内存消耗：903.59375Kb] [文件加载：50]
[ info ] [ ROUTE ] Array
(
    [0] => index
    [1] => Index
    [2] => testuploadFile
)

[ info ] [ HEADER ] Array
(
    [Accept-Language] => zh-CN,zh;q=0.9
    [Accept-Encoding] => gzip, deflate
    [Referer] => http://tp.com/index/index/testuploadFile
    [Accept] => text/html,application/xhtml+xml,application/xml;q=0.9,image/avif,image/webp,image/apng,*/*;q=0.8,application/signed-exchange;v=b3;q=0.9
    [Content-Type] => multipart/form-data; boundary=----WebKitFormBoundarySs66UGB7qMz9XsYB
    [Origin] => http://tp.com
    [User-Agent] => Mozilla/5.0 (Windows NT 10.0; Win64; x64) AppleWebKit/537.36 (KHTML, like Gecko) Chrome/87.0.4280.66 Safari/537.36
    [Upgrade-Insecure-Requests] => 1
    [Cache-Control] => max-age=0
    [Content-Length] => 42923275
    [Connection] => keep-alive
    [Host] => tp.com
)

[ info ] [ PARAM ] Array
(
)

[ error ] Array
(
    [file] => D:\phpstudy_pro\WWW\chenbingji\reporter\application\index\controller\Index.php
    [line] => 96
    [message] => Call to a member function getFile() on string
)
