---------------------------------------------------------------
[ 2021-04-15T18:39:50+08:00 ] 127.0.0.1 GET tp.com/index/index/testuploadFile
[运行时间：0.016424s] [吞吐率：60.89req/s] [内存消耗：895.859375Kb] [文件加载：48]
[ info ] [ ROUTE ] Array
(
    [0] => index
    [1] => Index
    [2] => testuploadFile
)

[ info ] [ HEADER ] Array
(
    [Accept-Language] => zh-CN,zh;q=0.9
    [Accept-Encoding] => gzip, deflate
    [Accept] => text/html,application/xhtml+xml,application/xml;q=0.9,image/avif,image/webp,image/apng,*/*;q=0.8,application/signed-exchange;v=b3;q=0.9
    [User-Agent] => Mozilla/5.0 (Windows NT 10.0; Win64; x64) AppleWebKit/537.36 (KHTML, like Gecko) Chrome/87.0.4280.66 Safari/537.36
    [Upgrade-Insecure-Requests] => 1
    [Connection] => keep-alive
    [Host] => tp.com
    [Content-Length] => 
    [Content-Type] => 
)

[ info ] [ PARAM ] Array
(
)

[ error ] Array
(
    [file] => D:\phpstudy_pro\WWW\chenbingji\reporter\application\index\controller\Index.php
    [line] => 92
    [message] => Call to a member function isGet() on null
)
---------------------------------------------------------------
[ 2021-04-15T18:39:52+08:00 ] 127.0.0.1 GET tp.com/index/index/testuploadFile
[运行时间：0.014449s] [吞吐率：69.21req/s] [内存消耗：896.03125Kb] [文件加载：48]
[ info ] [ ROUTE ] Array
(
    [0] => index
    [1] => Index
    [2] => testuploadFile
)

[ info ] [ HEADER ] Array
(
    [Accept-Language] => zh-CN,zh;q=0.9
    [Accept-Encoding] => gzip, deflate
    [Accept] => text/html,application/xhtml+xml,application/xml;q=0.9,image/avif,image/webp,image/apng,*/*;q=0.8,application/signed-exchange;v=b3;q=0.9
    [User-Agent] => Mozilla/5.0 (Windows NT 10.0; Win64; x64) AppleWebKit/537.36 (KHTML, like Gecko) Chrome/87.0.4280.66 Safari/537.36
    [Upgrade-Insecure-Requests] => 1
    [Cache-Control] => max-age=0
    [Connection] => keep-alive
    [Host] => tp.com
    [Content-Length] => 
    [Content-Type] => 
)

[ info ] [ PARAM ] Array
(
)

[ error ] Array
(
    [file] => D:\phpstudy_pro\WWW\chenbingji\reporter\application\index\controller\Index.php
    [line] => 92
    [message] => Call to a member function isGet() on null
)
---------------------------------------------------------------
[ 2021-04-15T18:39:54+08:00 ] 127.0.0.1 GET tp.com/index/index/testuploadFile
[运行时间：0.014472s] [吞吐率：69.10req/s] [内存消耗：896.03125Kb] [文件加载：48]
[ info ] [ ROUTE ] Array
(
    [0] => index
    [1] => Index
    [2] => testuploadFile
)

[ info ] [ HEADER ] Array
(
    [Accept-Language] => zh-CN,zh;q=0.9
    [Accept-Encoding] => gzip, deflate
    [Accept] => text/html,application/xhtml+xml,application/xml;q=0.9,image/avif,image/webp,image/apng,*/*;q=0.8,application/signed-exchange;v=b3;q=0.9
    [User-Agent] => Mozilla/5.0 (Windows NT 10.0; Win64; x64) AppleWebKit/537.36 (KHTML, like Gecko) Chrome/87.0.4280.66 Safari/537.36
    [Upgrade-Insecure-Requests] => 1
    [Cache-Control] => max-age=0
    [Connection] => keep-alive
    [Host] => tp.com
    [Content-Length] => 
    [Content-Type] => 
)

[ info ] [ PARAM ] Array
(
)

[ error ] Array
(
    [file] => D:\phpstudy_pro\WWW\chenbingji\reporter\application\index\controller\Index.php
    [line] => 92
    [message] => Call to a member function isGet() on null
)
