---------------------------------------------------------------
[ 2021-04-21T16:55:36+08:00 ] 127.0.0.1 GET tp.com/index/index/export_data_structure
[运行时间：0.228270s] [吞吐率：4.38req/s] [内存消耗：1025.578125Kb] [文件加载：55]
[ info ] [ ROUTE ] Array
(
    [0] => index
    [1] => Index
    [2] => export_data_structure
)

[ info ] [ HEADER ] Array
(
    [Accept-Language] => zh-CN,zh;q=0.9
    [Accept-Encoding] => gzip, deflate
    [Accept] => text/html,application/xhtml+xml,application/xml;q=0.9,image/avif,image/webp,image/apng,*/*;q=0.8,application/signed-exchange;v=b3;q=0.9
    [User-Agent] => Mozilla/5.0 (Windows NT 10.0; Win64; x64) AppleWebKit/537.36 (KHTML, like Gecko) Chrome/87.0.4280.66 Safari/537.36
    [Upgrade-Insecure-Requests] => 1
    [Cache-Control] => max-age=0
    [Connection] => keep-alive
    [Host] => tp.com
    [Content-Length] => 
    [Content-Type] => 
)

[ info ] [ PARAM ] Array
(
)

[ info ] [ sql ] show tables [RunTime:0.04187s]
[ error ] Array
(
    [file] => D:\phpstudy_pro\WWW\chenbingji\reporter\reporter\lib\db\DB.php
    [line] => 412
    [message] => Call to a member function fetchAll() on boolean
)
