---------------------------------------------------------------
[ 2021-04-21T16:48:45+08:00 ] 127.0.0.1 GET tp.com/index/index/export_data_structure
[运行时间：0.016387s] [吞吐率：61.02req/s] [内存消耗：882.0859375Kb] [文件加载：47]
[ info ] [ ROUTE ] Array
(
    [0] => index
    [1] => Index
    [2] => export_data_structure
)

[ info ] [ HEADER ] Array
(
    [Accept-Language] => zh-CN,zh;q=0.9
    [Accept-Encoding] => gzip, deflate
    [Accept] => text/html,application/xhtml+xml,application/xml;q=0.9,image/avif,image/webp,image/apng,*/*;q=0.8,application/signed-exchange;v=b3;q=0.9
    [User-Agent] => Mozilla/5.0 (Windows NT 10.0; Win64; x64) AppleWebKit/537.36 (KHTML, like Gecko) Chrome/87.0.4280.66 Safari/537.36
    [Upgrade-Insecure-Requests] => 1
    [Cache-Control] => max-age=0
    [Connection] => keep-alive
    [Host] => tp.com
    [Content-Length] => 
    [Content-Type] => 
)

[ info ] [ PARAM ] Array
(
)

[ error ] Array
(
    [file] => D:\phpstudy_pro\WWW\chenbingji\reporter\application\index\controller\Index.php
    [line] => 146
    [message] => syntax error, unexpected ')'
)
---------------------------------------------------------------
[ 2021-04-21T16:48:54+08:00 ] 127.0.0.1 GET tp.com/index/index/export_data_structure
[运行时间：0.184313s] [吞吐率：5.43req/s] [内存消耗：986.765625Kb] [文件加载：54]
[ info ] [ ROUTE ] Array
(
    [0] => index
    [1] => Index
    [2] => export_data_structure
)

[ info ] [ HEADER ] Array
(
    [Accept-Language] => zh-CN,zh;q=0.9
    [Accept-Encoding] => gzip, deflate
    [Accept] => text/html,application/xhtml+xml,application/xml;q=0.9,image/avif,image/webp,image/apng,*/*;q=0.8,application/signed-exchange;v=b3;q=0.9
    [User-Agent] => Mozilla/5.0 (Windows NT 10.0; Win64; x64) AppleWebKit/537.36 (KHTML, like Gecko) Chrome/87.0.4280.66 Safari/537.36
    [Upgrade-Insecure-Requests] => 1
    [Cache-Control] => max-age=0
    [Connection] => keep-alive
    [Host] => tp.com
    [Content-Length] => 
    [Content-Type] => 
)

[ info ] [ PARAM ] Array
(
)

[ info ] [ sql ] show tables [RunTime:0.04141s]
[ error ] Array
(
    [file] => D:\phpstudy_pro\WWW\chenbingji\reporter\application\index\controller\Index.php
    [line] => 142
    [message] => Class 'app\common\library\AnalysisDatabase' not found
)
