---------------------------------------------------------------
[ 2021-04-22T13:08:14+08:00 ]   
[运行时间：0.033626s] [吞吐率：29.74req/s] [内存消耗：493.9453125Kb] [文件加载：84]
[ info ] [ ROUTE ] Array
(
    [0] => index
    [1] => Index
    [2] => index
)

[ info ] [ HEADER ] Array
(
)

[ info ] [ PARAM ] Array
(
)

---------------------------------------------------------------
[ 2021-04-22T13:09:23+08:00 ]   
[运行时间：0.021550s] [吞吐率：46.40req/s] [内存消耗：493.9453125Kb] [文件加载：84]
[ info ] [ ROUTE ] Array
(
    [0] => index
    [1] => Index
    [2] => index
)

[ info ] [ HEADER ] Array
(
)

[ info ] [ PARAM ] Array
(
)

