---------------------------------------------------------------
[ 2021-04-22T13:30:22+08:00 ]   
[运行时间：0.021485s] [吞吐率：46.54req/s] [内存消耗：616.671875Kb] [文件加载：84]
[ info ] [ ROUTE ] Array
(
    [0] => index
    [1] => Index
    [2] => index
)

[ info ] [ HEADER ] Array
(
)

[ info ] [ PARAM ] Array
(
)

---------------------------------------------------------------
[ 2021-04-22T13:30:24+08:00 ]   
[运行时间：0.021940s] [吞吐率：45.58req/s] [内存消耗：616.671875Kb] [文件加载：84]
[ info ] [ ROUTE ] Array
(
    [0] => index
    [1] => Index
    [2] => index
)

[ info ] [ HEADER ] Array
(
)

[ info ] [ PARAM ] Array
(
)

---------------------------------------------------------------
[ 2021-04-22T13:30:25+08:00 ]   
[运行时间：0.022196s] [吞吐率：45.05req/s] [内存消耗：616.671875Kb] [文件加载：84]
[ info ] [ ROUTE ] Array
(
    [0] => index
    [1] => Index
    [2] => index
)

[ info ] [ HEADER ] Array
(
)

[ info ] [ PARAM ] Array
(
)

