---------------------------------------------------------------
[ 2021-04-22T13:26:40+08:00 ]   
[运行时间：0.480500s] [吞吐率：2.08req/s] [内存消耗：616.671875Kb] [文件加载：84]
[ info ] [ ROUTE ] Array
(
    [0] => index
    [1] => Index
    [2] => index
)

[ info ] [ HEADER ] Array
(
)

[ info ] [ PARAM ] Array
(
)

---------------------------------------------------------------
[ 2021-04-22T13:26:57+08:00 ]   
[运行时间：0.025789s] [吞吐率：38.78req/s] [内存消耗：616.671875Kb] [文件加载：84]
[ info ] [ ROUTE ] Array
(
    [0] => index
    [1] => Index
    [2] => index
)

[ info ] [ HEADER ] Array
(
)

[ info ] [ PARAM ] Array
(
)

---------------------------------------------------------------
[ 2021-04-22T13:27:05+08:00 ]   
[运行时间：0.025917s] [吞吐率：38.58req/s] [内存消耗：616.671875Kb] [文件加载：84]
[ info ] [ ROUTE ] Array
(
    [0] => index
    [1] => Index
    [2] => index
)

[ info ] [ HEADER ] Array
(
)

[ info ] [ PARAM ] Array
(
)

---------------------------------------------------------------
[ 2021-04-22T13:28:55+08:00 ]   
[运行时间：0.020218s] [吞吐率：49.46req/s] [内存消耗：616.671875Kb] [文件加载：84]
[ info ] [ ROUTE ] Array
(
    [0] => index
    [1] => Index
    [2] => index
)

[ info ] [ HEADER ] Array
(
)

[ info ] [ PARAM ] Array
(
)

---------------------------------------------------------------
[ 2021-04-22T13:29:43+08:00 ]   
[运行时间：36.624482s] [吞吐率：0.03req/s] [内存消耗：617.3515625Kb] [文件加载：84]
[ info ] [ ROUTE ] Array
(
    [0] => index
    [1] => Index
    [2] => index
)

[ info ] [ HEADER ] Array
(
)

[ info ] [ PARAM ] Array
(
)

