---------------------------------------------------------------
[ 2021-04-25T22:12:13+08:00 ] 127.0.0.1 GET tp.com/index/admin/AddItem
[运行时间：0.038349s] [吞吐率：26.08req/s] [内存消耗：2525.9765625Kb] [文件加载：144]
[ info ] [ ROUTE ] Array
(
    [0] => index
    [1] => Admin
    [2] => AddItem
)

[ info ] [ HEADER ] Array
(
    [Accept-Language] => zh-CN,zh;q=0.9
    [Accept-Encoding] => gzip, deflate
    [Accept] => text/html,application/xhtml+xml,application/xml;q=0.9,image/avif,image/webp,image/apng,*/*;q=0.8,application/signed-exchange;v=b3;q=0.9
    [User-Agent] => Mozilla/5.0 (Windows NT 10.0; Win64; x64) AppleWebKit/537.36 (KHTML, like Gecko) Chrome/87.0.4280.66 Safari/537.36
    [Upgrade-Insecure-Requests] => 1
    [Cache-Control] => no-cache
    [Pragma] => no-cache
    [Connection] => keep-alive
    [Host] => tp.com
    [Content-Length] => 
    [Content-Type] => 
)

[ info ] [ PARAM ] Array
(
)

