---------------------------------------------------------------
[ 2021-04-25T22:20:00+08:00 ] 127.0.0.1 GET tp.com/index/admin/AddItem
[运行时间：0.057078s] [吞吐率：17.52req/s] [内存消耗：2196.09375Kb] [文件加载：149]
[ info ] [ ROUTE ] Array
(
    [0] => index
    [1] => Admin
    [2] => AddItem
)

[ info ] [ HEADER ] Array
(
    [Accept-Language] => zh-CN,zh;q=0.9
    [Accept-Encoding] => gzip, deflate
    [Accept] => text/html,application/xhtml+xml,application/xml;q=0.9,image/avif,image/webp,image/apng,*/*;q=0.8,application/signed-exchange;v=b3;q=0.9
    [User-Agent] => Mozilla/5.0 (Windows NT 10.0; Win64; x64) AppleWebKit/537.36 (KHTML, like Gecko) Chrome/87.0.4280.66 Safari/537.36
    [Upgrade-Insecure-Requests] => 1
    [Cache-Control] => max-age=0
    [Connection] => keep-alive
    [Host] => tp.com
    [Content-Length] => 
    [Content-Type] => 
)

[ info ] [ PARAM ] Array
(
)

---------------------------------------------------------------
[ 2021-04-25T22:20:24+08:00 ] 127.0.0.1 GET tp.com/index/admin/AddItem
[运行时间：0.063110s] [吞吐率：15.85req/s] [内存消耗：2188.09375Kb] [文件加载：149]
[ info ] [ ROUTE ] Array
(
    [0] => index
    [1] => Admin
    [2] => AddItem
)

[ info ] [ HEADER ] Array
(
    [Accept-Language] => zh-CN,zh;q=0.9
    [Accept-Encoding] => gzip, deflate
    [Accept] => text/html,application/xhtml+xml,application/xml;q=0.9,image/avif,image/webp,image/apng,*/*;q=0.8,application/signed-exchange;v=b3;q=0.9
    [User-Agent] => Mozilla/5.0 (Windows NT 10.0; Win64; x64) AppleWebKit/537.36 (KHTML, like Gecko) Chrome/87.0.4280.66 Safari/537.36
    [Upgrade-Insecure-Requests] => 1
    [Cache-Control] => max-age=0
    [Connection] => keep-alive
    [Host] => tp.com
    [Content-Length] => 
    [Content-Type] => 
)

[ info ] [ PARAM ] Array
(
)

---------------------------------------------------------------
[ 2021-04-25T22:21:10+08:00 ] 127.0.0.1 GET tp.com/index/admin/AddItem
[运行时间：0.048153s] [吞吐率：20.77req/s] [内存消耗：2188.09375Kb] [文件加载：149]
[ info ] [ ROUTE ] Array
(
    [0] => index
    [1] => Admin
    [2] => AddItem
)

[ info ] [ HEADER ] Array
(
    [Accept-Language] => zh-CN,zh;q=0.9
    [Accept-Encoding] => gzip, deflate
    [Accept] => text/html,application/xhtml+xml,application/xml;q=0.9,image/avif,image/webp,image/apng,*/*;q=0.8,application/signed-exchange;v=b3;q=0.9
    [User-Agent] => Mozilla/5.0 (Windows NT 10.0; Win64; x64) AppleWebKit/537.36 (KHTML, like Gecko) Chrome/87.0.4280.66 Safari/537.36
    [Upgrade-Insecure-Requests] => 1
    [Cache-Control] => max-age=0
    [Connection] => keep-alive
    [Host] => tp.com
    [Content-Length] => 
    [Content-Type] => 
)

[ info ] [ PARAM ] Array
(
)

---------------------------------------------------------------
[ 2021-04-25T22:21:20+08:00 ] 127.0.0.1 GET tp.com/index/admin/AddItem
[运行时间：0.045572s] [吞吐率：21.94req/s] [内存消耗：2188.09375Kb] [文件加载：149]
[ info ] [ ROUTE ] Array
(
    [0] => index
    [1] => Admin
    [2] => AddItem
)

[ info ] [ HEADER ] Array
(
    [Accept-Language] => zh-CN,zh;q=0.9
    [Accept-Encoding] => gzip, deflate
    [Accept] => text/html,application/xhtml+xml,application/xml;q=0.9,image/avif,image/webp,image/apng,*/*;q=0.8,application/signed-exchange;v=b3;q=0.9
    [User-Agent] => Mozilla/5.0 (Windows NT 10.0; Win64; x64) AppleWebKit/537.36 (KHTML, like Gecko) Chrome/87.0.4280.66 Safari/537.36
    [Upgrade-Insecure-Requests] => 1
    [Cache-Control] => max-age=0
    [Connection] => keep-alive
    [Host] => tp.com
    [Content-Length] => 
    [Content-Type] => 
)

[ info ] [ PARAM ] Array
(
)

---------------------------------------------------------------
[ 2021-04-25T22:21:35+08:00 ] 127.0.0.1 GET tp.com/index/admin/AddItem
[运行时间：0.045523s] [吞吐率：21.97req/s] [内存消耗：2188.09375Kb] [文件加载：149]
[ info ] [ ROUTE ] Array
(
    [0] => index
    [1] => Admin
    [2] => AddItem
)

[ info ] [ HEADER ] Array
(
    [Accept-Language] => zh-CN,zh;q=0.9
    [Accept-Encoding] => gzip, deflate
    [Accept] => text/html,application/xhtml+xml,application/xml;q=0.9,image/avif,image/webp,image/apng,*/*;q=0.8,application/signed-exchange;v=b3;q=0.9
    [User-Agent] => Mozilla/5.0 (Windows NT 10.0; Win64; x64) AppleWebKit/537.36 (KHTML, like Gecko) Chrome/87.0.4280.66 Safari/537.36
    [Upgrade-Insecure-Requests] => 1
    [Cache-Control] => max-age=0
    [Connection] => keep-alive
    [Host] => tp.com
    [Content-Length] => 
    [Content-Type] => 
)

[ info ] [ PARAM ] Array
(
)

---------------------------------------------------------------
[ 2021-04-25T22:21:48+08:00 ] 127.0.0.1 GET tp.com/index/admin/AddItem
[运行时间：0.047084s] [吞吐率：21.24req/s] [内存消耗：2188.09375Kb] [文件加载：149]
[ info ] [ ROUTE ] Array
(
    [0] => index
    [1] => Admin
    [2] => AddItem
)

[ info ] [ HEADER ] Array
(
    [Accept-Language] => zh-CN,zh;q=0.9
    [Accept-Encoding] => gzip, deflate
    [Accept] => text/html,application/xhtml+xml,application/xml;q=0.9,image/avif,image/webp,image/apng,*/*;q=0.8,application/signed-exchange;v=b3;q=0.9
    [User-Agent] => Mozilla/5.0 (Windows NT 10.0; Win64; x64) AppleWebKit/537.36 (KHTML, like Gecko) Chrome/87.0.4280.66 Safari/537.36
    [Upgrade-Insecure-Requests] => 1
    [Cache-Control] => max-age=0
    [Connection] => keep-alive
    [Host] => tp.com
    [Content-Length] => 
    [Content-Type] => 
)

[ info ] [ PARAM ] Array
(
)

---------------------------------------------------------------
[ 2021-04-25T22:24:19+08:00 ] 127.0.0.1 GET tp.com/index/admin/AddItem
[运行时间：0.047629s] [吞吐率：21.00req/s] [内存消耗：2208.09375Kb] [文件加载：149]
[ info ] [ ROUTE ] Array
(
    [0] => index
    [1] => Admin
    [2] => AddItem
)

[ info ] [ HEADER ] Array
(
    [Accept-Language] => zh-CN,zh;q=0.9
    [Accept-Encoding] => gzip, deflate
    [Accept] => text/html,application/xhtml+xml,application/xml;q=0.9,image/avif,image/webp,image/apng,*/*;q=0.8,application/signed-exchange;v=b3;q=0.9
    [User-Agent] => Mozilla/5.0 (Windows NT 10.0; Win64; x64) AppleWebKit/537.36 (KHTML, like Gecko) Chrome/87.0.4280.66 Safari/537.36
    [Upgrade-Insecure-Requests] => 1
    [Cache-Control] => max-age=0
    [Connection] => keep-alive
    [Host] => tp.com
    [Content-Length] => 
    [Content-Type] => 
)

[ info ] [ PARAM ] Array
(
)

