---------------------------------------------------------------
[ 2021-04-26T11:25:15+08:00 ] 127.0.0.1 GET tp.com/admin/Items/Add
[运行时间：0.048448s] [吞吐率：20.64req/s] [内存消耗：2166.8828125Kb] [文件加载：149]
[ info ] [ ROUTE ] Array
(
    [0] => admin
    [1] => Items
    [2] => Add
)

[ info ] [ HEADER ] Array
(
    [Accept-Language] => zh-CN,zh;q=0.9
    [Accept-Encoding] => gzip, deflate
    [Accept] => text/html,application/xhtml+xml,application/xml;q=0.9,image/avif,image/webp,image/apng,*/*;q=0.8,application/signed-exchange;v=b3;q=0.9
    [User-Agent] => Mozilla/5.0 (Windows NT 10.0; Win64; x64) AppleWebKit/537.36 (KHTML, like Gecko) Chrome/87.0.4280.66 Safari/537.36
    [Upgrade-Insecure-Requests] => 1
    [Cache-Control] => max-age=0
    [Connection] => keep-alive
    [Host] => tp.com
    [Content-Length] => 
    [Content-Type] => 
)

[ info ] [ PARAM ] Array
(
)

---------------------------------------------------------------
[ 2021-04-26T11:28:40+08:00 ] 127.0.0.1 GET tp.com/admin/Items/Add
[运行时间：0.039801s] [吞吐率：25.12req/s] [内存消耗：2166.9453125Kb] [文件加载：149]
[ info ] [ ROUTE ] Array
(
    [0] => admin
    [1] => Items
    [2] => Add
)

[ info ] [ HEADER ] Array
(
    [Accept-Language] => zh-CN,zh;q=0.9
    [Accept-Encoding] => gzip, deflate
    [Accept] => text/html,application/xhtml+xml,application/xml;q=0.9,image/avif,image/webp,image/apng,*/*;q=0.8,application/signed-exchange;v=b3;q=0.9
    [User-Agent] => Mozilla/5.0 (Windows NT 10.0; Win64; x64) AppleWebKit/537.36 (KHTML, like Gecko) Chrome/87.0.4280.66 Safari/537.36
    [Upgrade-Insecure-Requests] => 1
    [Cache-Control] => max-age=0
    [Connection] => keep-alive
    [Host] => tp.com
    [Content-Length] => 
    [Content-Type] => 
)

[ info ] [ PARAM ] Array
(
)

---------------------------------------------------------------
[ 2021-04-26T11:28:52+08:00 ] 127.0.0.1 GET tp.com/admin/Items/Add
[运行时间：0.023249s] [吞吐率：43.01req/s] [内存消耗：1282.421875Kb] [文件加载：103]
[ info ] [ ROUTE ] Array
(
    [0] => admin
    [1] => Items
    [2] => Add
)

[ info ] [ HEADER ] Array
(
    [Accept-Language] => zh-CN,zh;q=0.9
    [Accept-Encoding] => gzip, deflate
    [Accept] => text/html,application/xhtml+xml,application/xml;q=0.9,image/avif,image/webp,image/apng,*/*;q=0.8,application/signed-exchange;v=b3;q=0.9
    [User-Agent] => Mozilla/5.0 (Windows NT 10.0; Win64; x64) AppleWebKit/537.36 (KHTML, like Gecko) Chrome/87.0.4280.66 Safari/537.36
    [Upgrade-Insecure-Requests] => 1
    [Cache-Control] => max-age=0
    [Connection] => keep-alive
    [Host] => tp.com
    [Content-Length] => 
    [Content-Type] => 
)

[ info ] [ PARAM ] Array
(
)

---------------------------------------------------------------
[ 2021-04-26T11:28:59+08:00 ] 127.0.0.1 GET tp.com/admin/Items/Add
[运行时间：0.022331s] [吞吐率：44.78req/s] [内存消耗：1282.421875Kb] [文件加载：103]
[ info ] [ ROUTE ] Array
(
    [0] => admin
    [1] => Items
    [2] => Add
)

[ info ] [ HEADER ] Array
(
    [Accept-Language] => zh-CN,zh;q=0.9
    [Accept-Encoding] => gzip, deflate
    [Accept] => text/html,application/xhtml+xml,application/xml;q=0.9,image/avif,image/webp,image/apng,*/*;q=0.8,application/signed-exchange;v=b3;q=0.9
    [User-Agent] => Mozilla/5.0 (Windows NT 10.0; Win64; x64) AppleWebKit/537.36 (KHTML, like Gecko) Chrome/87.0.4280.66 Safari/537.36
    [Upgrade-Insecure-Requests] => 1
    [Cache-Control] => max-age=0
    [Connection] => keep-alive
    [Host] => tp.com
    [Content-Length] => 
    [Content-Type] => 
)

[ info ] [ PARAM ] Array
(
)

