---------------------------------------------------------------
[ 2021-04-28T15:15:08+08:00 ] 192.168.0.108 GET tp.com/index/admin/AddItem
[运行时间：0.017190s] [吞吐率：58.17req/s] [内存消耗：1278.625Kb] [文件加载：103]
[ info ] [ ROUTE ] Array
(
    [0] => index
    [1] => Admin
    [2] => AddItem
)

[ info ] [ HEADER ] Array
(
    [Accept-Language] => zh-CN,zh;q=0.9
    [Accept-Encoding] => gzip, deflate
    [Accept] => text/html,application/xhtml+xml,application/xml;q=0.9,image/avif,image/webp,image/apng,*/*;q=0.8,application/signed-exchange;v=b3;q=0.9
    [User-Agent] => Mozilla/5.0 (Windows NT 10.0; Win64; x64) AppleWebKit/537.36 (KHTML, like Gecko) Chrome/87.0.4280.66 Safari/537.36
    [Upgrade-Insecure-Requests] => 1
    [Cache-Control] => no-cache
    [Pragma] => no-cache
    [Connection] => keep-alive
    [Host] => tp.com
    [Content-Length] => 
    [Content-Type] => 
)

[ info ] [ PARAM ] Array
(
)

---------------------------------------------------------------
[ 2021-04-28T15:16:32+08:00 ] 192.168.0.108 GET tp.com/index/admin/AddItem
[运行时间：0.030863s] [吞吐率：32.40req/s] [内存消耗：1278.46875Kb] [文件加载：103]
[ info ] [ ROUTE ] Array
(
    [0] => index
    [1] => Admin
    [2] => AddItem
)

[ info ] [ HEADER ] Array
(
    [Accept-Language] => zh-CN,zh;q=0.9
    [Accept-Encoding] => gzip, deflate
    [Accept] => text/html,application/xhtml+xml,application/xml;q=0.9,image/avif,image/webp,image/apng,*/*;q=0.8,application/signed-exchange;v=b3;q=0.9
    [User-Agent] => Mozilla/5.0 (Windows NT 10.0; Win64; x64) AppleWebKit/537.36 (KHTML, like Gecko) Chrome/87.0.4280.66 Safari/537.36
    [Upgrade-Insecure-Requests] => 1
    [Cache-Control] => max-age=0
    [Connection] => keep-alive
    [Host] => tp.com
    [Content-Length] => 
    [Content-Type] => 
)

[ info ] [ PARAM ] Array
(
)

---------------------------------------------------------------
[ 2021-04-28T15:18:02+08:00 ] 192.168.0.108 GET tp.com/index/admin/AddItem
[运行时间：0.017379s] [吞吐率：57.54req/s] [内存消耗：1278.46875Kb] [文件加载：103]
[ info ] [ ROUTE ] Array
(
    [0] => index
    [1] => Admin
    [2] => AddItem
)

[ info ] [ HEADER ] Array
(
    [Accept-Language] => zh-CN,zh;q=0.9
    [Accept-Encoding] => gzip, deflate
    [Accept] => text/html,application/xhtml+xml,application/xml;q=0.9,image/avif,image/webp,image/apng,*/*;q=0.8,application/signed-exchange;v=b3;q=0.9
    [User-Agent] => Mozilla/5.0 (Windows NT 10.0; Win64; x64) AppleWebKit/537.36 (KHTML, like Gecko) Chrome/87.0.4280.66 Safari/537.36
    [Upgrade-Insecure-Requests] => 1
    [Cache-Control] => max-age=0
    [Connection] => keep-alive
    [Host] => tp.com
    [Content-Length] => 
    [Content-Type] => 
)

[ info ] [ PARAM ] Array
(
)

---------------------------------------------------------------
[ 2021-04-28T15:18:09+08:00 ] 192.168.0.108 GET tp.com/index/admin/AddItem
[运行时间：0.027079s] [吞吐率：36.93req/s] [内存消耗：1278.625Kb] [文件加载：103]
[ info ] [ ROUTE ] Array
(
    [0] => index
    [1] => Admin
    [2] => AddItem
)

[ info ] [ HEADER ] Array
(
    [Accept-Language] => zh-CN,zh;q=0.9
    [Accept-Encoding] => gzip, deflate
    [Accept] => text/html,application/xhtml+xml,application/xml;q=0.9,image/avif,image/webp,image/apng,*/*;q=0.8,application/signed-exchange;v=b3;q=0.9
    [User-Agent] => Mozilla/5.0 (Windows NT 10.0; Win64; x64) AppleWebKit/537.36 (KHTML, like Gecko) Chrome/87.0.4280.66 Safari/537.36
    [Upgrade-Insecure-Requests] => 1
    [Cache-Control] => no-cache
    [Pragma] => no-cache
    [Connection] => keep-alive
    [Host] => tp.com
    [Content-Length] => 
    [Content-Type] => 
)

[ info ] [ PARAM ] Array
(
)

---------------------------------------------------------------
[ 2021-04-28T15:18:18+08:00 ] 192.168.0.108 GET tp.com/index/admin/AddItem
[运行时间：0.017465s] [吞吐率：57.26req/s] [内存消耗：1278.625Kb] [文件加载：103]
[ info ] [ ROUTE ] Array
(
    [0] => index
    [1] => Admin
    [2] => AddItem
)

[ info ] [ HEADER ] Array
(
    [Accept-Language] => zh-CN,zh;q=0.9
    [Accept-Encoding] => gzip, deflate
    [Accept] => text/html,application/xhtml+xml,application/xml;q=0.9,image/avif,image/webp,image/apng,*/*;q=0.8,application/signed-exchange;v=b3;q=0.9
    [User-Agent] => Mozilla/5.0 (Windows NT 10.0; Win64; x64) AppleWebKit/537.36 (KHTML, like Gecko) Chrome/87.0.4280.66 Safari/537.36
    [Upgrade-Insecure-Requests] => 1
    [Cache-Control] => no-cache
    [Pragma] => no-cache
    [Connection] => keep-alive
    [Host] => tp.com
    [Content-Length] => 
    [Content-Type] => 
)

[ info ] [ PARAM ] Array
(
)

---------------------------------------------------------------
[ 2021-04-28T15:18:44+08:00 ] 192.168.0.108 GET tp.com/admin/item/AddItem
[运行时间：0.157434s] [吞吐率：6.35req/s] [内存消耗：1051.546875Kb] [文件加载：105]
[ info ] [ ROUTE ] Array
(
    [0] => admin
    [1] => Item
    [2] => AddItem
)

[ info ] [ HEADER ] Array
(
    [Accept-Language] => zh-CN,zh;q=0.9
    [Accept-Encoding] => gzip, deflate
    [Accept] => text/html,application/xhtml+xml,application/xml;q=0.9,image/avif,image/webp,image/apng,*/*;q=0.8,application/signed-exchange;v=b3;q=0.9
    [User-Agent] => Mozilla/5.0 (Windows NT 10.0; Win64; x64) AppleWebKit/537.36 (KHTML, like Gecko) Chrome/87.0.4280.66 Safari/537.36
    [Upgrade-Insecure-Requests] => 1
    [Connection] => keep-alive
    [Host] => tp.com
    [Content-Length] => 
    [Content-Type] => 
)

[ info ] [ PARAM ] Array
(
)

[ error ] Array
(
    [file] => D:\phpstudy_pro\WWW\chenbingji\reporter\reporter\Base.php
    [line] => 63
    [message] => Class '\application\admin\controller\Item' not found
)
---------------------------------------------------------------
[ 2021-04-28T15:18:50+08:00 ] 192.168.0.108 GET tp.com/admin/items/AddItem
[运行时间：0.021270s] [吞吐率：47.01req/s] [内存消耗：1072.5Kb] [文件加载：108]
[ info ] [ ROUTE ] Array
(
    [0] => admin
    [1] => Items
    [2] => AddItem
)

[ info ] [ HEADER ] Array
(
    [Accept-Language] => zh-CN,zh;q=0.9
    [Accept-Encoding] => gzip, deflate
    [Accept] => text/html,application/xhtml+xml,application/xml;q=0.9,image/avif,image/webp,image/apng,*/*;q=0.8,application/signed-exchange;v=b3;q=0.9
    [User-Agent] => Mozilla/5.0 (Windows NT 10.0; Win64; x64) AppleWebKit/537.36 (KHTML, like Gecko) Chrome/87.0.4280.66 Safari/537.36
    [Upgrade-Insecure-Requests] => 1
    [Connection] => keep-alive
    [Host] => tp.com
    [Content-Length] => 
    [Content-Type] => 
)

[ info ] [ PARAM ] Array
(
)

[ error ] Array
(
    [file] => D:\phpstudy_pro\WWW\chenbingji\reporter\reporter\lib\Injection.php
    [line] => 42
    [message] => Call to undefined method application\admin\controller\Items::AddItem()
)
---------------------------------------------------------------
[ 2021-04-28T15:19:05+08:00 ] 192.168.0.108 GET tp.com/admin/Items/Add
[运行时间：0.218462s] [吞吐率：4.58req/s] [内存消耗：2165.9765625Kb] [文件加载：149]
[ info ] [ ROUTE ] Array
(
    [0] => admin
    [1] => Items
    [2] => Add
)

[ info ] [ HEADER ] Array
(
    [Accept-Language] => zh-CN,zh;q=0.9
    [Accept-Encoding] => gzip, deflate
    [Accept] => text/html,application/xhtml+xml,application/xml;q=0.9,image/avif,image/webp,image/apng,*/*;q=0.8,application/signed-exchange;v=b3;q=0.9
    [User-Agent] => Mozilla/5.0 (Windows NT 10.0; Win64; x64) AppleWebKit/537.36 (KHTML, like Gecko) Chrome/87.0.4280.66 Safari/537.36
    [Upgrade-Insecure-Requests] => 1
    [Connection] => keep-alive
    [Host] => tp.com
    [Content-Length] => 
    [Content-Type] => 
)

[ info ] [ PARAM ] Array
(
)

---------------------------------------------------------------
[ 2021-04-28T15:19:20+08:00 ] 192.168.0.108 GET tp.com/admin/Items/Add
[运行时间：0.056899s] [吞吐率：17.58req/s] [内存消耗：2166.1484375Kb] [文件加载：149]
[ info ] [ ROUTE ] Array
(
    [0] => admin
    [1] => Items
    [2] => Add
)

[ info ] [ HEADER ] Array
(
    [Accept-Language] => zh-CN,zh;q=0.9
    [Accept-Encoding] => gzip, deflate
    [Accept] => text/html,application/xhtml+xml,application/xml;q=0.9,image/avif,image/webp,image/apng,*/*;q=0.8,application/signed-exchange;v=b3;q=0.9
    [User-Agent] => Mozilla/5.0 (Windows NT 10.0; Win64; x64) AppleWebKit/537.36 (KHTML, like Gecko) Chrome/87.0.4280.66 Safari/537.36
    [Upgrade-Insecure-Requests] => 1
    [Cache-Control] => max-age=0
    [Connection] => keep-alive
    [Host] => tp.com
    [Content-Length] => 
    [Content-Type] => 
)

[ info ] [ PARAM ] Array
(
)

