---------------------------------------------------------------
[ 2021-05-10T16:17:58+08:00 ] 127.0.0.1 GET tp.com/admin/Items/form_inputs_basic.html
[运行时间：0.155708s] [吞吐率：6.42req/s] [内存消耗：1072.328125Kb] [文件加载：108]
[ info ] [ ROUTE ] Array
(
    [0] => admin
    [1] => Items
    [2] => form_inputs_basic.html
)

[ info ] [ HEADER ] Array
(
    [Accept-Language] => zh-CN,zh;q=0.9
    [Accept-Encoding] => gzip, deflate
    [Referer] => http://tp.com/admin/Items/Add
    [Accept] => text/html,application/xhtml+xml,application/xml;q=0.9,image/avif,image/webp,image/apng,*/*;q=0.8,application/signed-exchange;v=b3;q=0.9
    [User-Agent] => Mozilla/5.0 (Windows NT 10.0; Win64; x64) AppleWebKit/537.36 (KHTML, like Gecko) Chrome/87.0.4280.66 Safari/537.36
    [Upgrade-Insecure-Requests] => 1
    [Connection] => keep-alive
    [Host] => tp.com
    [Content-Length] => 
    [Content-Type] => 
)

[ info ] [ PARAM ] Array
(
)

[ error ] Array
(
    [file] => D:\phpstudy_pro\WWW\chenbingji\reporter\reporter\lib\Injection.php
    [line] => 42
    [message] => Call to undefined method application\admin\controller\Items::form_inputs_basic.html()
)
